<?xml version="1.0" encoding="UTF-8"?>
<testsuites name="Mocha Tests" time="76.2840" tests="13" failures="1" skipped="2">
  <testsuite name="Root Suite" timestamp="2020-12-22T07:19:03" tests="0" file="cypress\integration\Catering\catering_login.js" time="0.0000" failures="0">
  </testsuite>
  <testsuite name="餐饮单位" timestamp="2020-12-22T07:19:03" tests="0" time="0.0000" failures="0">
  </testsuite>
  <testsuite name="工作台功能测试" timestamp="2020-12-22T07:19:03" tests="13" time="76.2840" failures="1">
    <testcase name="餐饮单位 工作台功能测试 工作台-待办事项" time="7.7860" classname="工作台-待办事项">
    </testcase>
    <testcase name="餐饮单位 工作台功能测试 工作台-常用工具" time="3.3930" classname="工作台-常用工具">
    </testcase>
    <testcase name="餐饮单位 工作台功能测试 工作台-验收情况" time="2.7470" classname="工作台-验收情况">
    </testcase>
    <testcase name="餐饮单位 工作台功能测试 菜单中心-统一菜单" time="2.0370" classname="菜单中心-统一菜单">
    </testcase>
    <testcase name="餐饮单位 工作台功能测试 菜单中心-我的菜单" time="19.6290" classname="菜单中心-我的菜单">
    </testcase>
    <testcase name="餐饮单位 工作台功能测试 菜单中心-菜单模板" time="9.2610" classname="菜单中心-菜单模板">
    </testcase>
    <testcase name="餐饮单位 工作台功能测试 辅料超市" time="8.2310" classname="辅料超市">
    </testcase>
    <testcase name="餐饮单位 工作台功能测试 采购订单" time="0.0000" classname="采购订单">
      <failure message="Timed out retrying after 4000ms: Expected to find element: `.ant-tabs-tabpane-active &gt; .ant-btn`, but never found it." type="AssertionError"><![CDATA[AssertionError: Timed out retrying after 4000ms: Expected to find element: `.ant-tabs-tabpane-active > .ant-btn`, but never found it.
    at Context.eval (http://ap-catering.td.com/__cypress/tests?p=cypress\integration\Catering\catering_login.js:389:10)]]></failure>
    </testcase>
    <testcase name="餐饮单位 工作台功能测试 配送验收" time="7.1850" classname="配送验收">
    </testcase>
    <testcase name="餐饮单位 工作台功能测试 结算管理" time="12.7720" classname="结算管理">
    </testcase>
    <testcase name="餐饮单位 工作台功能测试 查询统计" time="3.2430" classname="查询统计">
    </testcase>
  </testsuite>
</testsuites>