<?xml version="1.0" encoding="UTF-8"?>
<testsuites name="Mocha Tests" time="46.3140" tests="13" failures="7" skipped="2">
  <testsuite name="Root Suite" timestamp="2020-12-22T02:14:30" tests="0" file="cypress\integration\Catering\catering_login.js" time="0.0000" failures="0">
  </testsuite>
  <testsuite name="餐饮单位" timestamp="2020-12-22T02:14:30" tests="0" time="0.0000" failures="0">
  </testsuite>
  <testsuite name="工作台功能测试" timestamp="2020-12-22T02:14:30" tests="13" time="46.3140" failures="7">
    <testcase name="餐饮单位 工作台功能测试 工作台-待办事项" time="0.0000" classname="工作台-待办事项">
      <failure message="Timed out retrying: Expected to find content: &apos;工作台&apos; but never did." type="AssertionError"><![CDATA[AssertionError: Timed out retrying: Expected to find content: '工作台' but never did.
    at Context.eval (http://ap-catering.td.com/__cypress/tests?p=cypress\integration\Catering\catering_login.js:119:10)]]></failure>
    </testcase>
    <testcase name="餐饮单位 工作台功能测试 工作台-常用工具" time="0.0000" classname="工作台-常用工具">
      <failure message="Timed out retrying: Expected to find element: `.cgml___3VSsK`, but never found it." type="AssertionError"><![CDATA[AssertionError: Timed out retrying: Expected to find element: `.cgml___3VSsK`, but never found it.
    at Context.eval (http://ap-catering.td.com/__cypress/tests?p=cypress\integration\Catering\catering_login.js:129:31)]]></failure>
    </testcase>
    <testcase name="餐饮单位 工作台功能测试 工作台-验收情况" time="0.0000" classname="工作台-验收情况">
      <failure message="Timed out retrying: Expected to find element: `.ant-tabs-tab-active`, but never found it." type="AssertionError"><![CDATA[AssertionError: Timed out retrying: Expected to find element: `.ant-tabs-tab-active`, but never found it.
    at Context.eval (http://ap-catering.td.com/__cypress/tests?p=cypress\integration\Catering\catering_login.js:171:8)]]></failure>
    </testcase>
    <testcase name="餐饮单位 工作台功能测试 菜单中心-统一菜单" time="0.0000" classname="菜单中心-统一菜单">
      <failure message="Timed out retrying: Expected to find element: `:nth-child(4) &gt; a`, but never found it." type="AssertionError"><![CDATA[AssertionError: Timed out retrying: Expected to find element: `:nth-child(4) > a`, but never found it.
    at Context.eval (http://ap-catering.td.com/__cypress/tests?p=cypress\integration\Catering\catering_login.js:183:8)]]></failure>
    </testcase>
    <testcase name="餐饮单位 工作台功能测试 菜单中心-我的菜单" time="0.0000" classname="菜单中心-我的菜单">
      <failure message="Timed out retrying: Expected to find element: `:nth-child(4) &gt; a`, but never found it." type="AssertionError"><![CDATA[AssertionError: Timed out retrying: Expected to find element: `:nth-child(4) > a`, but never found it.
    at Context.eval (http://ap-catering.td.com/__cypress/tests?p=cypress\integration\Catering\catering_login.js:193:8)]]></failure>
    </testcase>
    <testcase name="餐饮单位 工作台功能测试 菜单中心-菜单模板" time="0.0000" classname="菜单中心-菜单模板">
      <failure message="Timed out retrying: Expected to find element: `:nth-child(4) &gt; a`, but never found it." type="AssertionError"><![CDATA[AssertionError: Timed out retrying: Expected to find element: `:nth-child(4) > a`, but never found it.
    at Context.eval (http://ap-catering.td.com/__cypress/tests?p=cypress\integration\Catering\catering_login.js:293:8)]]></failure>
    </testcase>
    <testcase name="餐饮单位 工作台功能测试 辅料超市" time="0.0000" classname="辅料超市">
      <failure message="Timed out retrying: Expected to find content: &apos;辅料超市&apos; but never did." type="AssertionError"><![CDATA[AssertionError: Timed out retrying: Expected to find content: '辅料超市' but never did.
    at Context.eval (http://ap-catering.td.com/__cypress/tests?p=cypress\integration\Catering\catering_login.js:346:10)]]></failure>
    </testcase>
    <testcase name="餐饮单位 工作台功能测试 采购订单" time="21.9510" classname="采购订单">
    </testcase>
    <testcase name="餐饮单位 工作台功能测试 配送验收" time="7.8820" classname="配送验收">
    </testcase>
    <testcase name="餐饮单位 工作台功能测试 结算管理" time="12.7700" classname="结算管理">
    </testcase>
    <testcase name="餐饮单位 工作台功能测试 查询统计" time="3.7110" classname="查询统计">
    </testcase>
  </testsuite>
</testsuites>